<?xml version="1.0" encoding="UTF-8"?>
<testng-results ignored="0" total="1" passed="1" failed="0" skipped="0">
  <reporter-output>
    <line>
      <![CDATA[running verify user id]]>
    </line>
    <line>
      <![CDATA[logout the application]]>
    </line>
    <line>
      <![CDATA[close the app]]>
    </line>
  </reporter-output>
  <suite started-at="2022-09-03T10:13:15 IST" name="Default suite" finished-at="2022-09-03T10:13:22 IST" duration-ms="6460">
    <groups>
    </groups>
    <test started-at="2022-09-03T10:13:15 IST" name="Default test" finished-at="2022-09-03T10:13:22 IST" duration-ms="6460">
      <class name="KiteTest.TestClass">
        <test-method is-config="true" signature="openBrowser()[pri:0, instance:KiteTest.TestClass@4b45a2f5]" started-at="2022-09-03T10:13:15 IST" name="openBrowser" finished-at="2022-09-03T10:13:19 IST" duration-ms="3950" status="PASS">
          <reporter-output>
          </reporter-output>
        </test-method> <!-- openBrowser -->
        <test-method is-config="true" signature="loginToApp()[pri:0, instance:KiteTest.TestClass@4b45a2f5]" started-at="2022-09-03T10:13:19 IST" name="loginToApp" finished-at="2022-09-03T10:13:20 IST" duration-ms="1116" status="PASS">
          <reporter-output>
          </reporter-output>
        </test-method> <!-- loginToApp -->
        <test-method signature="verifyuserID()[pri:0, instance:KiteTest.TestClass@4b45a2f5]" started-at="2022-09-03T10:13:20 IST" name="verifyuserID" finished-at="2022-09-03T10:13:21 IST" duration-ms="1280" status="PASS">
          <reporter-output>
            <line>
              <![CDATA[running verify user id]]>
            </line>
          </reporter-output>
        </test-method> <!-- verifyuserID -->
        <test-method is-config="true" signature="logoutApp()[pri:0, instance:KiteTest.TestClass@4b45a2f5]" started-at="2022-09-03T10:13:22 IST" name="logoutApp" finished-at="2022-09-03T10:13:22 IST" duration-ms="43" status="PASS">
          <reporter-output>
            <line>
              <![CDATA[logout the application]]>
            </line>
          </reporter-output>
        </test-method> <!-- logoutApp -->
        <test-method is-config="true" signature="closeBrowser()[pri:0, instance:KiteTest.TestClass@4b45a2f5]" started-at="2022-09-03T10:13:22 IST" name="closeBrowser" finished-at="2022-09-03T10:13:22 IST" duration-ms="0" status="PASS">
          <reporter-output>
            <line>
              <![CDATA[close the app]]>
            </line>
          </reporter-output>
        </test-method> <!-- closeBrowser -->
      </class> <!-- KiteTest.TestClass -->
    </test> <!-- Default test -->
  </suite> <!-- Default suite -->
</testng-results>
